[debug] > Exec(early(addDefaultCommands), None, None)
[debug] > Exec(addDefaultCommands, None, None)
[debug] > Exec(early(initialize), None, None)
[debug] > Exec(initialize, None, None)
[debug] > Exec(early(addPluginSbtFile="""C:\Users\kamiyoflow\AppData\Local\Temp\idea.sbt"""), None, None)
[debug] > Exec(addPluginSbtFile="""C:\Users\kamiyoflow\AppData\Local\Temp\idea.sbt""", None, None)
[debug] > Exec(boot, None, None)
[debug] > Exec(writeSbtVersion, None, None)
[debug] > Exec(reload, None, None)
[debug] > Exec(sbtStashOnFailure, None, None)
[debug] > Exec(onFailure loadFailed, None, None)
[debug] > Exec(loadp, None, None)
[info] welcome to sbt 1.8.0 (Oracle Corporation Java 16.0.2)
[debug]       Load.loadUnit: plugins took 179.155ms
[debug]       Load.loadUnit: defsScala took 0.6344ms
[debug] [Loading] Scanning directory C:\Users\kamiyoflow\.sbt\1.0\plugins
[debug] [Loading] Found non-root projects 
[debug] [Loading] Done in C:\Users\kamiyoflow\.sbt\1.0\plugins, returning: ()
[debug] deducing auto plugins based on known facts Set(Atom(sbt.plugins.CorePlugin)) and clauses Clauses(Clause(Atom(sbt.plugins.JvmPlugin),Set(Atom(sbt.plugins.IvyPlugin)))
[debug] Clause(Atom(sbt.ScriptedPlugin),Set(Atom(sbt.plugins.JvmPlugin)))
[debug] Clause(Atom(sbt.plugins.SbtPlugin),Set(Atom(sbt.ScriptedPlugin)))
[debug] Clause(Atom(sbt.plugins.SemanticdbPlugin),Set(Atom(sbt.plugins.JvmPlugin)))
[debug] Clause(Atom(sbt.plugins.JUnitXmlReportPlugin),Set(Atom(sbt.plugins.JvmPlugin)))
[debug] Clause(Atom(sbt.plugins.MiniDependencyTreePlugin),Set(Atom(sbt.plugins.JvmPlugin)))
[debug] Clause(Atom(sbt.plugins.CorePlugin),Set(Atom(sbt.plugins.IvyPlugin)))
[debug] Clause(Atom(sbt.plugins.IvyPlugin),Set(Atom(sbt.plugins.JvmPlugin)))
[debug] Clause(Atom(sbt.plugins.JvmPlugin),Set(Atom(sbt.plugins.SemanticdbPlugin)))
[debug] Clause(Atom(sbt.plugins.JvmPlugin),Set(Atom(sbt.plugins.JUnitXmlReportPlugin)))
[debug] Clause(Atom(sbt.plugins.CorePlugin),Set(Atom(sbt.plugins.Giter8TemplatePlugin)))
[debug] Clause(Atom(sbt.plugins.JvmPlugin),Set(Atom(sbt.plugins.MiniDependencyTreePlugin))))
[debug]   :: deduced result: Matched(sbt.plugins.CorePlugin,sbt.plugins.Giter8TemplatePlugin,sbt.plugins.IvyPlugin,sbt.plugins.JvmPlugin,sbt.plugins.MiniDependencyTreePlugin,sbt.plugins.JUnitXmlReportPlugin,sbt.plugins.SemanticdbPlugin)
[debug] Plugins.deducer#function took 33.6905 ms
[debug]           Load.resolveProject(global-plugins) took 81.8187ms
[debug]         Load.loadTransitive: finalizeProject(Project(id global-plugins, base: C:\Users\kamiyoflow\.sbt\1.0\plugins, plugins: List(<none>))) took 148.1175ms
[debug] [Loading] Done in C:\Users\kamiyoflow\.sbt\1.0\plugins, returning: (global-plugins)
[debug]       Load.loadUnit: loadedProjectsRaw took 188.8659ms
[debug]       Load.loadUnit: cleanEvalClasses took 0.4184ms
[debug]     Load.loadUnit(file:/C:/Users/kamiyoflow/.sbt/1.0/plugins/, ...) took 385.4169ms
[debug]   Load.apply: load took 700.3267ms
[debug]   Load.apply: resolveProjects took 10.4462ms
[debug]   Load.apply: finalTransforms took 102.6587ms
[debug]   Load.apply: config.delegates took 18.909ms
[debug]   Load.apply: Def.make(settings)... took 646.5182ms
[debug]   Load.apply: structureIndex took 179.6016ms
[debug]   Load.apply: mkStreams took 4.0274ms
[info] loading global plugins from C:\Users\kamiyoflow\.sbt\1.0\plugins
[debug] Running task... Cancel: Signal, check cycles: false, forcegc: true
[debug] Load.defaultLoad until apply took 3598.5269ms
[debug]           Load.loadUnit: plugins took 38.342ms
[debug]           Load.loadUnit: defsScala took 0.0048ms
[debug] [Loading] Scanning directory G:\Scala\PTRLAB\project
[debug]             Load.loadUnit: mkEval took 7.85ms
[debug] [Loading] Found non-root projects 
[debug] [Loading] Done in G:\Scala\PTRLAB\project, returning: ()
[debug] deducing auto plugins based on known facts Set(Atom(sbt.plugins.CorePlugin)) and clauses Clauses(Clause(Atom(sbt.plugins.JvmPlugin),Set(Atom(sbt.plugins.IvyPlugin)))
[debug] Clause(Atom(sbt.ScriptedPlugin),Set(Atom(sbt.plugins.JvmPlugin)))
[debug] Clause(Atom(sbt.plugins.SbtPlugin),Set(Atom(sbt.ScriptedPlugin)))
[debug] Clause(Atom(sbt.plugins.SemanticdbPlugin),Set(Atom(sbt.plugins.JvmPlugin)))
[debug] Clause(Atom(sbt.plugins.JUnitXmlReportPlugin),Set(Atom(sbt.plugins.JvmPlugin)))
[debug] Clause(Atom(sbt.plugins.MiniDependencyTreePlugin),Set(Atom(sbt.plugins.JvmPlugin)))
[debug] Clause(Atom(sbt.plugins.CorePlugin),Set(Atom(sbt.plugins.IvyPlugin)))
[debug] Clause(Atom(sbt.plugins.IvyPlugin),Set(Atom(sbt.plugins.JvmPlugin)))
[debug] Clause(Atom(sbt.plugins.JvmPlugin),Set(Atom(sbt.plugins.SemanticdbPlugin)))
[debug] Clause(Atom(sbt.plugins.JvmPlugin),Set(Atom(sbt.plugins.JUnitXmlReportPlugin)))
[debug] Clause(Atom(sbt.plugins.CorePlugin),Set(Atom(sbt.plugins.Giter8TemplatePlugin)))
[debug] Clause(Atom(sbt.plugins.JvmPlugin),Set(Atom(sbt.plugins.MiniDependencyTreePlugin))))
[debug]   :: deduced result: Matched(sbt.plugins.CorePlugin,sbt.plugins.Giter8TemplatePlugin,sbt.plugins.IvyPlugin,sbt.plugins.JvmPlugin,sbt.plugins.MiniDependencyTreePlugin,sbt.plugins.JUnitXmlReportPlugin,sbt.plugins.SemanticdbPlugin)
[debug] Plugins.deducer#function took 2.4616 ms
[info] loading settings for project ptrlab-build from idea.sbt ...
[debug]               Load.resolveProject(ptrlab-build) took 4.8317ms
[debug]             Load.loadTransitive: finalizeProject(Project(id ptrlab-build, base: G:\Scala\PTRLAB\project, plugins: List(<none>))) took 7.868ms
[debug] [Loading] Done in G:\Scala\PTRLAB\project, returning: (ptrlab-build)
[debug]           Load.loadUnit: loadedProjectsRaw took 233.4344ms
[debug]           Load.loadUnit: cleanEvalClasses took 7.8772ms
[debug]         Load.loadUnit(file:/G:/Scala/PTRLAB/project/, ...) took 280.6294ms
[debug]       Load.apply: load took 282.3594ms
[debug]       Load.apply: resolveProjects took 0.164ms
[debug]       Load.apply: finalTransforms took 13.6581ms
[debug]       Load.apply: config.delegates took 0.4025ms
[debug]       Load.apply: Def.make(settings)... took 88.7483ms
[debug]       Load.apply: structureIndex took 40.1062ms
[debug]       Load.apply: mkStreams took 0.0023ms
[info] loading project definition from G:\Scala\PTRLAB\project
[debug] Running task... Cancel: Signal, check cycles: false, forcegc: true
[warn] Unrecognized repository Scala Plugin Bundled Repository, ignoring it
[warn] Unrecognized repository Scala Plugin Bundled Repository, ignoring it
[debug]     Load.loadUnit: plugins took 1988.2771ms
[debug]     Load.loadUnit: defsScala took 0.0223ms
[debug] [Loading] Scanning directory G:\Scala\PTRLAB
[debug]       Load.loadUnit: mkEval took 12.9388ms
[debug] [Loading] Found non-root projects 
[debug] [Loading] Done in G:\Scala\PTRLAB, returning: ()
[debug] deducing auto plugins based on known facts Set(Atom(sbt.plugins.CorePlugin)) and clauses Clauses(Clause(Atom(sbt.plugins.JvmPlugin),Set(Atom(sbt.plugins.IvyPlugin)))
[debug] Clause(Atom(sbt.ScriptedPlugin),Set(Atom(sbt.plugins.JvmPlugin)))
[debug] Clause(Atom(sbt.plugins.SbtPlugin),Set(Atom(sbt.ScriptedPlugin)))
[debug] Clause(Atom(sbt.plugins.SemanticdbPlugin),Set(Atom(sbt.plugins.JvmPlugin)))
[debug] Clause(Atom(sbt.plugins.JUnitXmlReportPlugin),Set(Atom(sbt.plugins.JvmPlugin)))
[debug] Clause(Atom(sbt.plugins.MiniDependencyTreePlugin),Set(Atom(sbt.plugins.JvmPlugin)))
[debug] Clause(Atom(org.jetbrains.sbt.StructurePlugin),Set(Atom(sbt.plugins.JvmPlugin)))
[debug] Clause(Atom(org.jetbrains.sbt.IdeaShellPlugin),Set(Atom(sbt.plugins.JvmPlugin)))
[debug] Clause(Atom(org.jetbrains.sbt.indices.SbtIntellijIndicesPlugin),Set(Atom(sbt.plugins.JvmPlugin)))
[debug] Clause(Atom(sbt.plugins.CorePlugin),Set(Atom(sbt.plugins.IvyPlugin)))
[debug] Clause(Atom(sbt.plugins.IvyPlugin),Set(Atom(sbt.plugins.JvmPlugin)))
[debug] Clause(Atom(sbt.plugins.JvmPlugin),Set(Atom(sbt.plugins.SemanticdbPlugin)))
[debug] Clause(Atom(sbt.plugins.JvmPlugin),Set(Atom(sbt.plugins.JUnitXmlReportPlugin)))
[debug] Clause(Atom(sbt.plugins.CorePlugin),Set(Atom(sbt.plugins.Giter8TemplatePlugin)))
[debug] Clause(Atom(sbt.plugins.JvmPlugin),Set(Atom(sbt.plugins.MiniDependencyTreePlugin)))
[debug] Clause(Atom(sbt.plugins.JvmPlugin),Set(Atom(org.jetbrains.sbt.StructurePlugin)))
[debug] Clause(Atom(sbt.plugins.JvmPlugin),Set(Atom(org.jetbrains.sbt.IdeaShellPlugin)))
[debug] Clause(And(Set(Atom(sbt.plugins.CorePlugin), Atom(sbt.plugins.JvmPlugin))),Set(Atom(org.jetbrains.sbt.indices.SbtIntellijIndicesPlugin))))
[debug]   :: deduced result: Matched(sbt.plugins.CorePlugin,sbt.plugins.Giter8TemplatePlugin,sbt.plugins.IvyPlugin,sbt.plugins.JvmPlugin,sbt.plugins.SemanticdbPlugin,org.jetbrains.sbt.indices.SbtIntellijIndicesPlugin,sbt.plugins.JUnitXmlReportPlugin,org.jetbrains.sbt.IdeaShellPlugin,org.jetbrains.sbt.StructurePlugin,sbt.plugins.MiniDependencyTreePlugin)
[debug] Plugins.deducer#function took 4.4384 ms
[info] loading settings for project ptrlab from build.sbt ...
[debug]         Load.resolveProject(ptrlab) took 49.6304ms
[debug]       Load.loadTransitive: finalizeProject(Project(id ptrlab, base: G:\Scala\PTRLAB, plugins: List(<none>))) took 55.5126ms
[debug] [Loading] Done in G:\Scala\PTRLAB, returning: (ptrlab)
[debug]     Load.loadUnit: loadedProjectsRaw took 4182.9177ms
[debug]     Load.loadUnit: cleanEvalClasses took 164.5017ms
[debug]   Load.loadUnit(file:/G:/Scala/PTRLAB/, ...) took 6337.2277ms
[debug] Load.apply: load took 6339.3873ms
[debug] Load.apply: resolveProjects took 0.0952ms
[debug] Load.apply: finalTransforms took 53.3068ms
[debug] Load.apply: config.delegates took 0.5668ms
[debug] Load.apply: Def.make(settings)... took 82.0554ms
[debug] Load.apply: structureIndex took 102.8751ms
[debug] Load.apply: mkStreams took 0.0029ms
[info] set current project to PTRLAB (in build file:/G:/Scala/PTRLAB/)
[debug] > Exec(sbtPopOnFailure, None, None)
[debug] > Exec(resumeFromFailure, None, None)
[debug] > Exec(notifyUsersAboutShell, None, None)
[debug] > Exec(iflast shell, None, None)
[debug] > Exec(; set ideaPort in Global := 54270 ; idea-shell, None, None)
[debug] > Exec(set ideaPort in Global := 54270, None, None)
[info] Defining Global / ideaPort
[info] The new value will be used by Compile / compile, Test / compile
[debug] Defining 
[debug] 	Global / ideaPort
[debug] 
[debug] The new value will be used by 
[debug] 	Compile / compile
[debug] 	Test / compile
[info] Reapplying settings...
[info] set current project to PTRLAB (in build file:/G:/Scala/PTRLAB/)
[debug] > Exec(idea-shell, None, None)
